<?xml version="1.0" encoding="UTF-8"?>
<!-- Generated by org.testng.reporters.JUnitReportReporter -->
<testsuite name="GenericMethods.GenericMethods" tests="1" failures="0" timestamp="15 Feb 2016 17:57:37 GMT" time="154.580" errors="1">
  <testcase name="SignUp" time="154.580" classname="GenericMethods.GenericMethods">
    <error type="org.openqa.selenium.NoSuchElementException" message="{&quot;errorMessage&quot;:&quot;Unable to find element with xpath &#039;//div[@class=&#039;recaptcha-checkbox-checkmark&#039;]&#039;&quot;,&quot;request&quot;:{&quot;headers&quot;:{&quot;Accept-Encoding&quot;:&quot;gzip,deflate&quot;,&quot;Connection&quot;:&quot;Keep-Alive&quot;,&quot;Content-Length&quot;:&quot;72&quot;,&quot;Content-Type&quot;:&quot;application/json; charset=utf-8&quot;,&quot;Host&quot;:&quot;localhost:39730&quot;,&quot;User-Agent&quot;:&quot;Apache-HttpClient/4.5.1 (Java/1.7.0_71)&quot;},&quot;httpVersion&quot;:&quot;1.1&quot;,&quot;method&quot;:&quot;POST&quot;,&quot;post&quot;:&quot;{\&quot;using\&quot;:\&quot;xpath\&quot;,\&quot;value\&quot;:\&quot;//div[@class=&#039;recaptcha-checkbox-checkmark&#039;]\&quot;}&quot;,&quot;url&quot;:&quot;/element&quot;,&quot;urlParsed&quot;:{&quot;anchor&quot;:&quot;&quot;,&quot;query&quot;:&quot;&quot;,&quot;file&quot;:&quot;element&quot;,&quot;directory&quot;:&quot;/&quot;,&quot;path&quot;:&quot;/element&quot;,&quot;relative&quot;:&quot;/element&quot;,&quot;port&quot;:&quot;&quot;,&quot;host&quot;:&quot;&quot;,&quot;password&quot;:&quot;&quot;,&quot;user&quot;:&quot;&quot;,&quot;userInfo&quot;:&quot;&quot;,&quot;authority&quot;:&quot;&quot;,&quot;protocol&quot;:&quot;&quot;,&quot;source&quot;:&quot;/element&quot;,&quot;queryKey&quot;:{},&quot;chunks&quot;:[&quot;element&quot;]},&quot;urlOriginal&quot;:&quot;/session/22e403a0-d40d-11e5-bfc1-c1395cab0636/element&quot;}}
Command duration or timeout: 518 milliseconds
For documentation on this error, please visit: http://seleniumhq.org/exceptions/no_such_element.html
Build info: version: &#039;2.49.1&#039;, revision: &#039;b41a073&#039;, time: &#039;2016-01-21 17:32:24&#039;
System info: host: &#039;N/A&#039;, ip: &#039;N/A&#039;, os.name: &#039;Mac OS X&#039;, os.arch: &#039;x86_64&#039;, os.version: &#039;10.10.5&#039;, java.version: &#039;1.7.0_71&#039;
*** Element info: {Using=xpath, value=//div[@class=&#039;recaptcha-checkbox-checkmark&#039;]}
Session ID: 22e403a0-d40d-11e5-bfc1-c1395cab0636
Driver info: org.openqa.selenium.phantomjs.PhantomJSDriver
Capabilities [{platform=OS X 10.10, acceptSslCerts=false, javascriptEnabled=true, browserName=phantomjs, rotatable=false, driverVersion=1.2.0, locationContextEnabled=false, version=2.1.1, cssSelectorsEnabled=true, databaseEnabled=false, handlesAlerts=false, browserConnectionEnabled=false, proxy={proxyType=direct}, nativeEvents=true, webStorageEnabled=false, driverName=ghostdriver, applicationCacheEnabled=false, takesScreenshot=true}]">
      <![CDATA[org.openqa.selenium.NoSuchElementException: {"errorMessage":"Unable to find element with xpath '//div[@class='recaptcha-checkbox-checkmark']'","request":{"headers":{"Accept-Encoding":"gzip,deflate","Connection":"Keep-Alive","Content-Length":"72","Content-Type":"application/json; charset=utf-8","Host":"localhost:39730","User-Agent":"Apache-HttpClient/4.5.1 (Java/1.7.0_71)"},"httpVersion":"1.1","method":"POST","post":"{\"using\":\"xpath\",\"value\":\"//div[@class='recaptcha-checkbox-checkmark']\"}","url":"/element","urlParsed":{"anchor":"","query":"","file":"element","directory":"/","path":"/element","relative":"/element","port":"","host":"","password":"","user":"","userInfo":"","authority":"","protocol":"","source":"/element","queryKey":{},"chunks":["element"]},"urlOriginal":"/session/22e403a0-d40d-11e5-bfc1-c1395cab0636/element"}}
Command duration or timeout: 518 milliseconds
For documentation on this error, please visit: http://seleniumhq.org/exceptions/no_such_element.html
Build info: version: '2.49.1', revision: 'b41a073', time: '2016-01-21 17:32:24'
System info: host: 'N/A', ip: 'N/A', os.name: 'Mac OS X', os.arch: 'x86_64', os.version: '10.10.5', java.version: '1.7.0_71'
*** Element info: {Using=xpath, value=//div[@class='recaptcha-checkbox-checkmark']}
Session ID: 22e403a0-d40d-11e5-bfc1-c1395cab0636
Driver info: org.openqa.selenium.phantomjs.PhantomJSDriver
Capabilities [{platform=OS X 10.10, acceptSslCerts=false, javascriptEnabled=true, browserName=phantomjs, rotatable=false, driverVersion=1.2.0, locationContextEnabled=false, version=2.1.1, cssSelectorsEnabled=true, databaseEnabled=false, handlesAlerts=false, browserConnectionEnabled=false, proxy={proxyType=direct}, nativeEvents=true, webStorageEnabled=false, driverName=ghostdriver, applicationCacheEnabled=false, takesScreenshot=true}]
	at sun.reflect.NativeConstructorAccessorImpl.newInstance0(Native Method)
	at sun.reflect.NativeConstructorAccessorImpl.newInstance(NativeConstructorAccessorImpl.java:57)
	at sun.reflect.DelegatingConstructorAccessorImpl.newInstance(DelegatingConstructorAccessorImpl.java:45)
	at java.lang.reflect.Constructor.newInstance(Constructor.java:526)
	at org.openqa.selenium.remote.ErrorHandler.createThrowable(ErrorHandler.java:206)
	at org.openqa.selenium.remote.ErrorHandler.throwIfResponseFailed(ErrorHandler.java:158)
	at org.openqa.selenium.remote.RemoteWebDriver.execute(RemoteWebDriver.java:678)
	at org.openqa.selenium.remote.RemoteWebDriver.findElement(RemoteWebDriver.java:363)
	at org.openqa.selenium.remote.RemoteWebDriver.findElementByXPath(RemoteWebDriver.java:500)
	at org.openqa.selenium.By$ByXPath.findElement(By.java:361)
	at org.openqa.selenium.remote.RemoteWebDriver.findElement(RemoteWebDriver.java:355)
	at GenericMethods.GenericMethods.SignUp(GenericMethods.java:97)
	at sun.reflect.NativeMethodAccessorImpl.invoke0(Native Method)
	at sun.reflect.NativeMethodAccessorImpl.invoke(NativeMethodAccessorImpl.java:57)
	at sun.reflect.DelegatingMethodAccessorImpl.invoke(DelegatingMethodAccessorImpl.java:43)
	at java.lang.reflect.Method.invoke(Method.java:606)
	at org.testng.internal.MethodInvocationHelper.invokeMethod(MethodInvocationHelper.java:85)
	at org.testng.internal.Invoker.invokeMethod(Invoker.java:639)
	at org.testng.internal.Invoker.invokeTestMethod(Invoker.java:816)
	at org.testng.internal.Invoker.invokeTestMethods(Invoker.java:1124)
	at org.testng.internal.TestMethodWorker.invokeTestMethods(TestMethodWorker.java:125)
	at org.testng.internal.TestMethodWorker.run(TestMethodWorker.java:108)
	at org.testng.TestRunner.privateRun(TestRunner.java:774)
	at org.testng.TestRunner.run(TestRunner.java:624)
	at org.testng.SuiteRunner.runTest(SuiteRunner.java:359)
	at org.testng.SuiteRunner.runSequentially(SuiteRunner.java:354)
	at org.testng.SuiteRunner.privateRun(SuiteRunner.java:312)
	at org.testng.SuiteRunner.run(SuiteRunner.java:261)
	at org.testng.SuiteRunnerWorker.runSuite(SuiteRunnerWorker.java:52)
	at org.testng.SuiteRunnerWorker.run(SuiteRunnerWorker.java:86)
	at org.testng.TestNG.runSuitesSequentially(TestNG.java:1215)
	at org.testng.TestNG.runSuitesLocally(TestNG.java:1140)
	at org.testng.TestNG.run(TestNG.java:1048)
	at org.testng.remote.RemoteTestNG.run(RemoteTestNG.java:112)
	at org.testng.remote.RemoteTestNG.initAndRun(RemoteTestNG.java:205)
	at org.testng.remote.RemoteTestNG.main(RemoteTestNG.java:176)
Caused by: org.openqa.selenium.remote.ScreenshotException: Screen shot has been taken
Build info: version: '2.49.1', revision: 'b41a073', time: '2016-01-21 17:32:24'
System info: host: 'N/A', ip: 'N/A', os.name: 'Mac OS X', os.arch: 'x86_64', os.version: '10.10.5', java.version: '1.7.0_71'
Driver info: driver.version: RemoteWebDriver
	at org.openqa.selenium.remote.ErrorHandler.throwIfResponseFailed(ErrorHandler.java:138)
	... 30 more
Caused by: org.openqa.selenium.NoSuchElementException: {"errorMessage":"Unable to find element with xpath '//div[@class='recaptcha-checkbox-checkmark']'","request":{"headers":{"Accept-Encoding":"gzip,deflate","Connection":"Keep-Alive","Content-Length":"72","Content-Type":"application/json; charset=utf-8","Host":"localhost:39730","User-Agent":"Apache-HttpClient/4.5.1 (Java/1.7.0_71)"},"httpVersion":"1.1","method":"POST","post":"{\"using\":\"xpath\",\"value\":\"//div[@class='recaptcha-checkbox-checkmark']\"}","url":"/element","urlParsed":{"anchor":"","query":"","file":"element","directory":"/","path":"/element","relative":"/element","port":"","host":"","password":"","user":"","userInfo":"","authority":"","protocol":"","source":"/element","queryKey":{},"chunks":["element"]},"urlOriginal":"/session/22e403a0-d40d-11e5-bfc1-c1395cab0636/element"}}
For documentation on this error, please visit: http://seleniumhq.org/exceptions/no_such_element.html
Build info: version: '2.49.1', revision: 'b41a073', time: '2016-01-21 17:32:24'
System info: host: 'N/A', ip: 'N/A', os.name: 'Mac OS X', os.arch: 'x86_64', os.version: '10.10.5', java.version: '1.7.0_71'
Driver info: driver.version: unknown
]]>
    </error>
  </testcase> <!-- SignUp -->
</testsuite> <!-- GenericMethods.GenericMethods -->
